{"/Users/stevenmcfarlane/Notch8/cryoport/stimulus_workshop/app/javascript/controllers/clipboard_controller.js": {"path":"/Users/stevenmcfarlane/Notch8/cryoport/stimulus_workshop/app/javascript/controllers/clipboard_controller.js","statementMap":{"0":{"start":{"line":4,"column":19},"end":{"line":4,"column":39}},"1":{"start":{"line":7,"column":15},"end":{"line":7,"column":42}},"2":{"start":{"line":8,"column":19},"end":{"line":8,"column":53}},"3":{"start":{"line":9,"column":4},"end":{"line":9,"column":25}},"4":{"start":{"line":10,"column":4},"end":{"line":10,"column":39}},"5":{"start":{"line":11,"column":4},"end":{"line":11,"column":21}},"6":{"start":{"line":12,"column":4},"end":{"line":12,"column":32}},"7":{"start":{"line":13,"column":4},"end":{"line":13,"column":39}},"8":{"start":{"line":15,"column":4},"end":{"line":15,"column":23}},"9":{"start":{"line":19,"column":4},"end":{"line":29,"column":5}},"10":{"start":{"line":20,"column":6},"end":{"line":20,"column":55}},"11":{"start":{"line":21,"column":6},"end":{"line":21,"column":52}},"12":{"start":{"line":22,"column":6},"end":{"line":22,"column":45}},"13":{"start":{"line":24,"column":6},"end":{"line":28,"column":14}},"14":{"start":{"line":25,"column":8},"end":{"line":25,"column":57}},"15":{"start":{"line":26,"column":8},"end":{"line":26,"column":54}},"16":{"start":{"line":27,"column":8},"end":{"line":27,"column":44}}},"fnMap":{"0":{"name":"(anonymous_0)","decl":{"start":{"line":6,"column":2},"end":{"line":6,"column":3}},"loc":{"start":{"line":6,"column":9},"end":{"line":16,"column":3}},"line":6},"1":{"name":"(anonymous_1)","decl":{"start":{"line":18,"column":2},"end":{"line":18,"column":3}},"loc":{"start":{"line":18,"column":17},"end":{"line":30,"column":3}},"line":18},"2":{"name":"(anonymous_2)","decl":{"start":{"line":24,"column":17},"end":{"line":24,"column":18}},"loc":{"start":{"line":24,"column":23},"end":{"line":28,"column":7}},"line":24}},"branchMap":{"0":{"loc":{"start":{"line":19,"column":4},"end":{"line":29,"column":5}},"type":"if","locations":[{"start":{"line":19,"column":4},"end":{"line":29,"column":5}},{"start":{"line":19,"column":4},"end":{"line":29,"column":5}}],"line":19}},"s":{"0":1,"1":1,"2":1,"3":1,"4":1,"5":1,"6":1,"7":1,"8":1,"9":2,"10":2,"11":2,"12":2,"13":2,"14":2,"15":2,"16":2},"f":{"0":1,"1":2,"2":2},"b":{"0":[2,0]},"_coverageSchema":"1a1c01bbd47fc00a2c39e90264f33305004495a9","hash":"dabcb834e1662975679fb41dfe220954654163e5"}
,"/Users/stevenmcfarlane/Notch8/cryoport/stimulus_workshop/app/javascript/controllers/create_controller.js": {"path":"/Users/stevenmcfarlane/Notch8/cryoport/stimulus_workshop/app/javascript/controllers/create_controller.js","statementMap":{"0":{"start":{"line":4,"column":19},"end":{"line":4,"column":53}},"1":{"start":{"line":7,"column":4},"end":{"line":7,"column":43}},"2":{"start":{"line":11,"column":14},"end":{"line":11,"column":29}},"3":{"start":{"line":12,"column":4},"end":{"line":12,"column":70}},"4":{"start":{"line":13,"column":4},"end":{"line":13,"column":42}},"5":{"start":{"line":14,"column":4},"end":{"line":14,"column":35}}},"fnMap":{"0":{"name":"(anonymous_0)","decl":{"start":{"line":6,"column":2},"end":{"line":6,"column":3}},"loc":{"start":{"line":6,"column":15},"end":{"line":8,"column":3}},"line":6},"1":{"name":"(anonymous_1)","decl":{"start":{"line":10,"column":2},"end":{"line":10,"column":3}},"loc":{"start":{"line":10,"column":18},"end":{"line":15,"column":3}},"line":10}},"branchMap":{},"s":{"0":1,"1":1,"2":1,"3":1,"4":1,"5":1},"f":{"0":1,"1":1},"b":{},"_coverageSchema":"1a1c01bbd47fc00a2c39e90264f33305004495a9","hash":"6a47fe4f75bcc19807c7528ce95737ea8c3cb7e1"}
,"/Users/stevenmcfarlane/Notch8/cryoport/stimulus_workshop/app/javascript/controllers/hello_controller.js": {"path":"/Users/stevenmcfarlane/Notch8/cryoport/stimulus_workshop/app/javascript/controllers/hello_controller.js","statementMap":{"0":{"start":{"line":13,"column":19},"end":{"line":13,"column":31}},"1":{"start":{"line":16,"column":4},"end":{"line":16,"column":54}}},"fnMap":{"0":{"name":"(anonymous_0)","decl":{"start":{"line":15,"column":2},"end":{"line":15,"column":3}},"loc":{"start":{"line":15,"column":12},"end":{"line":17,"column":3}},"line":15}},"branchMap":{},"s":{"0":0,"1":0},"f":{"0":0},"b":{}}
,"/Users/stevenmcfarlane/Notch8/cryoport/stimulus_workshop/app/javascript/controllers/list_card_controller.js": {"path":"/Users/stevenmcfarlane/Notch8/cryoport/stimulus_workshop/app/javascript/controllers/list_card_controller.js","statementMap":{"0":{"start":{"line":5,"column":15},"end":{"line":5,"column":30}},"1":{"start":{"line":6,"column":4},"end":{"line":6,"column":19}},"2":{"start":{"line":7,"column":4},"end":{"line":7,"column":25}}},"fnMap":{"0":{"name":"(anonymous_0)","decl":{"start":{"line":4,"column":2},"end":{"line":4,"column":3}},"loc":{"start":{"line":4,"column":29},"end":{"line":8,"column":3}},"line":4}},"branchMap":{},"s":{"0":1,"1":1,"2":1},"f":{"0":1},"b":{},"_coverageSchema":"1a1c01bbd47fc00a2c39e90264f33305004495a9","hash":"5d23808d7477c9689a52354fc47253bb1c18821b"}
,"/Users/stevenmcfarlane/Notch8/cryoport/stimulus_workshop/app/javascript/controllers/todo_card_controller.js": {"path":"/Users/stevenmcfarlane/Notch8/cryoport/stimulus_workshop/app/javascript/controllers/todo_card_controller.js","statementMap":{"0":{"start":{"line":5,"column":19},"end":{"line":5,"column":28}},"1":{"start":{"line":6,"column":18},"end":{"line":6,"column":53}},"2":{"start":{"line":9,"column":4},"end":{"line":9,"column":54}},"3":{"start":{"line":13,"column":15},"end":{"line":13,"column":30}},"4":{"start":{"line":14,"column":4},"end":{"line":14,"column":19}},"5":{"start":{"line":15,"column":4},"end":{"line":15,"column":25}},"6":{"start":{"line":19,"column":4},"end":{"line":23,"column":5}},"7":{"start":{"line":20,"column":6},"end":{"line":20,"column":25}},"8":{"start":{"line":22,"column":6},"end":{"line":22,"column":27}},"9":{"start":{"line":27,"column":4},"end":{"line":27,"column":40}},"10":{"start":{"line":31,"column":4},"end":{"line":31,"column":41}},"11":{"start":{"line":35,"column":4},"end":{"line":45,"column":40}},"12":{"start":{"line":44,"column":26},"end":{"line":44,"column":41}},"13":{"start":{"line":45,"column":22},"end":{"line":45,"column":39}}},"fnMap":{"0":{"name":"(anonymous_0)","decl":{"start":{"line":8,"column":2},"end":{"line":8,"column":3}},"loc":{"start":{"line":8,"column":12},"end":{"line":10,"column":3}},"line":8},"1":{"name":"(anonymous_1)","decl":{"start":{"line":12,"column":2},"end":{"line":12,"column":3}},"loc":{"start":{"line":12,"column":29},"end":{"line":16,"column":3}},"line":12},"2":{"name":"(anonymous_2)","decl":{"start":{"line":18,"column":2},"end":{"line":18,"column":3}},"loc":{"start":{"line":18,"column":23},"end":{"line":24,"column":3}},"line":18},"3":{"name":"(anonymous_3)","decl":{"start":{"line":26,"column":2},"end":{"line":26,"column":3}},"loc":{"start":{"line":26,"column":17},"end":{"line":28,"column":3}},"line":26},"4":{"name":"(anonymous_4)","decl":{"start":{"line":30,"column":2},"end":{"line":30,"column":3}},"loc":{"start":{"line":30,"column":19},"end":{"line":32,"column":3}},"line":30},"5":{"name":"(anonymous_5)","decl":{"start":{"line":34,"column":2},"end":{"line":34,"column":3}},"loc":{"start":{"line":34,"column":19},"end":{"line":46,"column":3}},"line":34},"6":{"name":"(anonymous_6)","decl":{"start":{"line":44,"column":12},"end":{"line":44,"column":13}},"loc":{"start":{"line":44,"column":26},"end":{"line":44,"column":41}},"line":44},"7":{"name":"(anonymous_7)","decl":{"start":{"line":45,"column":12},"end":{"line":45,"column":13}},"loc":{"start":{"line":45,"column":22},"end":{"line":45,"column":39}},"line":45}},"branchMap":{"0":{"loc":{"start":{"line":19,"column":4},"end":{"line":23,"column":5}},"type":"if","locations":[{"start":{"line":19,"column":4},"end":{"line":23,"column":5}},{"start":{"line":19,"column":4},"end":{"line":23,"column":5}}],"line":19}},"s":{"0":0,"1":0,"2":0,"3":0,"4":0,"5":0,"6":0,"7":0,"8":0,"9":0,"10":0,"11":0,"12":0,"13":0},"f":{"0":0,"1":0,"2":0,"3":0,"4":0,"5":0,"6":0,"7":0},"b":{"0":[0,0]}}
}
